auth svr: 192.168.100.150
username: 
password: 
mac: 0xb888e305168
bind ip: 0.0.0.0
[challenge] timeout, retrying...
[challenge] timeout, retrying...
[challenge] timeout, retrying...
[challenge] timeout, retrying...
[challenge] timeout, retrying...
[challenge] timeout, retrying...
[challenge] timeout, retrying...
[challenge] timeout, retrying...
[challenge] timeout, retrying...
[challenge] timeout, retrying...
[challenge] timeout, retrying...
[challenge] timeout, retrying...
[challenge] timeout, retrying...
[challenge] timeout, retrying...
[challenge] timeout, retrying...
[challenge] timeout, retrying...
[challenge] timeout, retrying...
[challenge] timeout, retrying...
[challenge] timeout, retrying...
[challenge] timeout, retrying...
[challenge] timeout, retrying...
[challenge] timeout, retrying...
[challenge] timeout, retrying...
[challenge] timeout, retrying...
[challenge] timeout, retrying...
[challenge] timeout, retrying...
[challenge] timeout, retrying...
[challenge] timeout, retrying...
[challenge] timeout, retrying...
[challenge] timeout, retrying...
[challenge] timeout, retrying...
[challenge] timeout, retrying...
[challenge] timeout, retrying...
[challenge] timeout, retrying...
auth svr: 192.168.100.150
username: 
password: 
mac: 0xb888e305168
bind ip: 0.0.0.0
[challenge] timeout, retrying...
[challenge] timeout, retrying...
[challenge] timeout, retrying...
[challenge] timeout, retrying...
[challenge] timeout, retrying...
[challenge] timeout, retrying...
[challenge] timeout, retrying...
[challenge] timeout, retrying...
[challenge] timeout, retrying...
[challenge] timeout, retrying...
[challenge] timeout, retrying...
[challenge] timeout, retrying...
[challenge] timeout, retrying...
[challenge] timeout, retrying...
[challenge] timeout, retrying...
[challenge] timeout, retrying...
[challenge] timeout, retrying...
[challenge] timeout, retrying...
[challenge] timeout, retrying...
[challenge] timeout, retrying...
[challenge] timeout, retrying...
[challenge] timeout, retrying...
[challenge] timeout, retrying...
[challenge] timeout, retrying...
[challenge] timeout, retrying...
auth svr: 192.168.88.242
username: 13036790254@csyxy
password: 20894765
mac: 0xf832e4d277b
bind ip: 0.0.0.0
[challenge] recv 0202c49361c8910000000100f303e8f0000000000a140d7bf000a8a6000070cda0a300000000d802000000000000000000000000000000000000000000000000000000000000000000000000
[DEBUG] challenge:
0202c49361c8910000000100f303e8f0000000000a140d7bf000a8a6000070cda0a300000000d802000000000000000000000000000000000000000000000000000000000000000000000000
[challenge] challenge packet sent.
auth svr: 192.168.88.242
username: 13036790254@csyxy
password: 20894765
mac: 0xf832e4d277b
bind ip: 0.0.0.0
[challenge] recv 0202589494c8910000000100f303e8f0000000000a140d7bf000a8a6000070cda0a300000000d802000000000000000000000000000000000000000000000000000000000000000000000000
[DEBUG] challenge:
0202589494c8910000000100f303e8f0000000000a140d7bf000a8a6000070cda0a300000000d802000000000000000000000000000000000000000000000000000000000000000000000000
[challenge] challenge packet sent.
auth svr: 192.168.88.242
username: 13036790254@csyxy
password: 20894765
mac: 0xf832e4d277b
bind ip: 0.0.0.0
[challenge] recv 0202b894bec8910000000100f303e8f0000000000a140d7bf000a8a6000070cda0a300000000d802000000000000000000000000000000000000000000000000000000000000000000000000
[DEBUG] challenge:
0202b894bec8910000000100f303e8f0000000000a140d7bf000a8a6000070cda0a300000000d802000000000000000000000000000000000000000000000000000000000000000000000000
[challenge] challenge packet sent.
auth svr: 192.168.88.242
username: 13036790254@csyxy
password: 20894765
mac: 0xf832e4d277b
bind ip: 0.0.0.0
[challenge] recv 02029194e3c8910000000100f303e8f0000000000a140d7bf000a8a6000070cda0a300000000d802000000000000000000000000000000000000000000000000000000000000000000000000
[DEBUG] challenge:
02029194e3c8910000000100f303e8f0000000000a140d7bf000a8a6000070cda0a300000000d802000000000000000000000000000000000000000000000000000000000000000000000000
[challenge] challenge packet sent.
auth svr: 192.168.88.242
username: 13036790254@csyxy
password: 20894765
mac: 0xf832e4d277b
bind ip: 0.0.0.0
[challenge] recv 0202f694f7c8910000000100f303e8f0000000000a140d7bf000a8a6000070cda0a300000000d802000000000000000000000000000000000000000000000000000000000000000000000000
[DEBUG] challenge:
0202f694f7c8910000000100f303e8f0000000000a140d7bf000a8a6000070cda0a300000000d802000000000000000000000000000000000000000000000000000000000000000000000000
[challenge] challenge packet sent.
auth svr: 192.168.88.242
username: 13036790254@csyxy
password: 20894765
mac: 0xf832e4d277b
bind ip: 0.0.0.0
auth svr: 192.168.88.242
username: 13036790254@csyxy
password: 20894765
mac: 0xf832e4d277b
bind ip: 0.0.0.0
auth svr: 192.168.88.242
username: 13036790254@csyxy
password: 20894765
mac: 0xf832e4d277b
bind ip: 0.0.0.0
[challenge] recv 0202bc9515c9910000000100f303e8f0000000000a140d7bf000a8a6000070cda0a300000000d802000000000000000000000000000000000000000000000000000000000000000000000000
[DEBUG] challenge:
0202bc9515c9910000000100f303e8f0000000000a140d7bf000a8a6000070cda0a300000000d802000000000000000000000000000000000000000000000000000000000000000000000000
[challenge] challenge packet sent.
auth svr: 192.168.88.242
username: 13036790254@csyxy
password: 20894765
mac: 0xf832e4d277b
bind ip: 0.0.0.0
[challenge] recv 0202eb9515c9910000000100f303e8f0000000000a140d7bf000a8a6000070cda0a300000000d802000000000000000000000000000000000000000000000000000000000000000000000000
[DEBUG] challenge:
0202eb9515c9910000000100f303e8f0000000000a140d7bf000a8a6000070cda0a300000000d802000000000000000000000000000000000000000000000000000000000000000000000000
[challenge] challenge packet sent.
auth svr: 192.168.88.242
username: 13036790254@csyxy
password: 20894765
mac: 0xf832e4d277b
bind ip: 0.0.0.0
[challenge] recv 0202419515c9910000000100f303e8f0000000000a140d7bf000a8a6000070cda0a300000000d802000000000000000000000000000000000000000000000000000000000000000000000000
[DEBUG] challenge:
0202419515c9910000000100f303e8f0000000000a140d7bf000a8a6000070cda0a300000000d802000000000000000000000000000000000000000000000000000000000000000000000000
[challenge] challenge packet sent.
auth svr: 192.168.88.242
username: 13036790254@csyxy
password: 20894765
mac: 0xf832e4d277b
bind ip: 0.0.0.0
[challenge] recv 02025a9521c9910000000100f303e8f0000000000a140d7bf000a8a6000070cda0a300000000d802000000000000000000000000000000000000000000000000000000000000000000000000
[DEBUG] challenge:
02025a9521c9910000000100f303e8f0000000000a140d7bf000a8a6000070cda0a300000000d802000000000000000000000000000000000000000000000000000000000000000000000000
[challenge] challenge packet sent.
auth svr: 192.168.88.242
username: 13036790254@csyxy
password: 20894765
mac: 0xf832e4d277b
bind ip: 0.0.0.0
[challenge] recv 0202ce9523c9910000000100f303e8f0000000000a140d7bf000a8a6000070cda0a300000000d802000000000000000000000000000000000000000000000000000000000000000000000000
[DEBUG] challenge:
0202ce9523c9910000000100f303e8f0000000000a140d7bf000a8a6000070cda0a300000000d802000000000000000000000000000000000000000000000000000000000000000000000000
[challenge] challenge packet sent.
auth svr: 192.168.88.242
username: 13036790254@csyxy
password: 20894765
mac: 0xf832e4d277b
bind ip: 0.0.0.0
[challenge] recv 02027d9526c9910000000100f303e8f0000000000a140d7bf000a8a6000070cda0a300000000d802000000000000000000000000000000000000000000000000000000000000000000000000
[DEBUG] challenge:
02027d9526c9910000000100f303e8f0000000000a140d7bf000a8a6000070cda0a300000000d802000000000000000000000000000000000000000000000000000000000000000000000000
[challenge] challenge packet sent.
auth svr: 192.168.88.242
username: 13036790254@csyxy
password: 20894765
mac: 0xf832e4d277b
bind ip: 0.0.0.0
[challenge] recv 0202039635c9910000000100f303e8f0000000000a140d7bf000a8a6000070cda0a300000000d802000000000000000000000000000000000000000000000000000000000000000000000000
[DEBUG] challenge:
0202039635c9910000000100f303e8f0000000000a140d7bf000a8a6000070cda0a300000000d802000000000000000000000000000000000000000000000000000000000000000000000000
[challenge] challenge packet sent.
auth svr: 192.168.88.242
username: 13036790254@csyxy
password: 20894765
mac: 0xf832e4d277b
bind ip: 0.0.0.0
[challenge] recv 020266963dc9910000000100f303e8f0000000000a140d7bf000a8a6000070cda0a300000000d802000000000000000000000000000000000000000000000000000000000000000000000000
[DEBUG] challenge:
020266963dc9910000000100f303e8f0000000000a140d7bf000a8a6000070cda0a300000000d802000000000000000000000000000000000000000000000000000000000000000000000000
[challenge] challenge packet sent.
auth svr: 192.168.88.242
username: 13036790254@csyxy
password: 20894765
mac: 0xf832e4d277b
bind ip: 0.0.0.0
[challenge] recv 02025f9656c9910000000100f303e8f0000000000a140d7bf000a8a6000070cda0a300000000d802000000000000000000000000000000000000000000000000000000000000000000000000
[DEBUG] challenge:
02025f9656c9910000000100f303e8f0000000000a140d7bf000a8a6000070cda0a300000000d802000000000000000000000000000000000000000000000000000000000000000000000000
[challenge] challenge packet sent.
auth svr: 192.168.88.242
username: 13036790254@csyxy
password: 20894765
mac: 0xf832e4d277b
bind ip: 0.0.0.0
[challenge] recv 02026f9686c9910000000100f303e8f0000000000a140d7bf000a8a6000070cda0a300000000d802000000000000000000000000000000000000000000000000000000000000000000000000
[DEBUG] challenge:
02026f9686c9910000000100f303e8f0000000000a140d7bf000a8a6000070cda0a300000000d802000000000000000000000000000000000000000000000000000000000000000000000000
[challenge] challenge packet sent.
auth svr: 192.168.88.242
username: 13036790254@csyxy
password: 20894765
mac: 0xf832e4d277b
bind ip: 0.0.0.0
[challenge] recv 02027596aac9910000000100f303e8f0000000000a140d7bf000a8a6000070cda0a300000000d802000000000000000000000000000000000000000000000000000000000000000000000000
[DEBUG] challenge:
02027596aac9910000000100f303e8f0000000000a140d7bf000a8a6000070cda0a300000000d802000000000000000000000000000000000000000000000000000000000000000000000000
[challenge] challenge packet sent.
auth svr: 192.168.88.242
username: 13036790254@csyxy
password: 20894765
mac: 0xf832e4d277b
bind ip: 0.0.0.0
[challenge] recv 02025097b7c9910000000100f303e8f0000000000a140d7bf000a8a6000070cda0a300000000d802000000000000000000000000000000000000000000000000000000000000000000000000
[DEBUG] challenge:
02025097b7c9910000000100f303e8f0000000000a140d7bf000a8a6000070cda0a300000000d802000000000000000000000000000000000000000000000000000000000000000000000000
[challenge] challenge packet sent.
auth svr: 192.168.88.242
username: 13036790254@csyxy
password: 20894765
mac: 0xf832e4d277b
bind ip: 0.0.0.0
[challenge] recv 0202329823ca910000000100f303e8f0000000000a140d7bf000a8a6000070cda0a300000000d802000000000000000000000000000000000000000000000000000000000000000000000000
[DEBUG] challenge:
0202329823ca910000000100f303e8f0000000000a140d7bf000a8a6000070cda0a300000000d802000000000000000000000000000000000000000000000000000000000000000000000000
[challenge] challenge packet sent.
auth svr: 192.168.88.242
username: 13036790254@csyxy
password: 20894765
mac: 0xf832e4d277b
bind ip: 0.0.0.0
[challenge] recv 0202a1972bca910000000100f303e8f0000000000a140d7bf000a8a6000070cda0a300000000d802000000000000000000000000000000000000000000000000000000000000000000000000
[DEBUG] challenge:
0202a1972bca910000000100f303e8f0000000000a140d7bf000a8a6000070cda0a300000000d802000000000000000000000000000000000000000000000000000000000000000000000000
[challenge] challenge packet sent.
auth svr: 192.168.88.242
username: 13036790254@csyxy
password: 20894765
mac: 0xf832e4d277b
bind ip: 0.0.0.0
[challenge] recv 02023a9837ca910000000100f303e8f0000000000a140d7bf000a8a6000070cda0a300000000d802000000000000000000000000000000000000000000000000000000000000000000000000
[DEBUG] challenge:
02023a9837ca910000000100f303e8f0000000000a140d7bf000a8a6000070cda0a300000000d802000000000000000000000000000000000000000000000000000000000000000000000000
[challenge] challenge packet sent.
auth svr: 192.168.88.242
username: 13036790254@csyxy
password: 20894765
mac: 0xf832e4d277b
bind ip: 0.0.0.0
[challenge] recv 0202079845ca910000000100f303e8f0000000000a140d7bf000a8a6000070cda0a300000000d802000000000000000000000000000000000000000000000000000000000000000000000000
[DEBUG] challenge:
0202079845ca910000000100f303e8f0000000000a140d7bf000a8a6000070cda0a300000000d802000000000000000000000000000000000000000000000000000000000000000000000000
[challenge] challenge packet sent.
auth svr: 192.168.88.242
username: 13036790254@csyxy
password: 20894765
mac: 0xf832e4d277b
bind ip: 0.0.0.0
[challenge] recv 0202e89756ca910000000100f303e8f0000000000a140d7bf000a8a6000070cda0a300000000d802000000000000000000000000000000000000000000000000000000000000000000000000
[DEBUG] challenge:
0202e89756ca910000000100f303e8f0000000000a140d7bf000a8a6000070cda0a300000000d802000000000000000000000000000000000000000000000000000000000000000000000000
[challenge] challenge packet sent.
auth svr: 192.168.88.242
username: 13036790254@csyxy
password: 20894765
mac: 0xf832e4d277b
bind ip: 0.0.0.0
[challenge] recv 0202669a03cb910000000100f303e8f0000000000a140d7bf000a8a6000070cda0a300000000d802000000000000000000000000000000000000000000000000000000000000000000000000
[DEBUG] challenge:
0202669a03cb910000000100f303e8f0000000000a140d7bf000a8a6000070cda0a300000000d802000000000000000000000000000000000000000000000000000000000000000000000000
[challenge] challenge packet sent.
auth svr: 192.168.88.242
username: 13036790254@csyxy
password: 20894765
mac: 0xf832e4d277b
bind ip: 0.0.0.0
[challenge] recv 02f79932cb910000000100f303e8f0000000000a140d7bf000a8a6000070cda0a300000000d80200000000000000000000000000000000000000000000000000000000000000000000000
[DEBUG] challenge:
02f79932cb910000000100f303e8f0000000000a140d7bf000a8a6000070cda0a300000000d80200000000000000000000000000000000000000000000000000000000000000000000000
[challenge] challenge packet sent.
auth svr: 192.168.88.242
username: 13036790254@csyxy
password: 20894765
mac: 0xf832e4d277b
bind ip: 0.0.0.0
auth svr: 192.168.88.242
username: 13036790254@csyxy
password: 20894765
mac: 0xf832e4d277b
bind ip: 0.0.0.0
[challenge] recv 02569a49cb910000000100f303e8f0000000000a140d7bf000a8a6000070cda0a300000000d80200000000000000000000000000000000000000000000000000000000000000000000000
[DEBUG] challenge:
02569a49cb910000000100f303e8f0000000000a140d7bf000a8a6000070cda0a300000000d80200000000000000000000000000000000000000000000000000000000000000000000000
[challenge] challenge packet sent.
auth svr: 192.168.88.242
username: 13036790254@csyxy
password: 20894765
mac: 0xf832e4d277b
bind ip: 0.0.0.0
[challenge] recv 02a69a4ecb910000000100f303e8f0000000000a140d7bf000a8a6000070cda0a300000000d80200000000000000000000000000000000000000000000000000000000000000000000000
[DEBUG] challenge:
02a69a4ecb910000000100f303e8f0000000000a140d7bf000a8a6000070cda0a300000000d80200000000000000000000000000000000000000000000000000000000000000000000000
[challenge] challenge packet sent.
auth svr: 192.168.88.242
username: 13036790254@csyxy
password: 20894765
mac: 0xf832e4d277b
bind ip: 0.0.0.0
[challenge] recv 0202e59a4ecb910000000100f303e8f0000000000a140d7bf000a8a6000070cda0a300000000d802000000000000000000000000000000000000000000000000000000000000000000000000
[DEBUG] challenge:
0202e59a4ecb910000000100f303e8f0000000000a140d7bf000a8a6000070cda0a300000000d802000000000000000000000000000000000000000000000000000000000000000000000000
[challenge] challenge packet sent.
[mkpkt] 03010025f70d3103deb0389f83a748dccaeeb10a31333033363739303235344063737978790000000000000000000000000000000000000020020f3fd5d1a9068534947e2d6ab887c36a4093b97e096f010a140d2b00000000000000000000000094adb31a27e29c2b010000000047494c4947494c494559450000000000000000000000000000000000000000003a147faa0a140dfe000000000000000000000000940000000500000001000000280a0000020000004e4f5445370000000000000000000000000000000000000000000000000000000000000000000000000000000000000000000000000000000000000000000000000000000000000000000000000000000000000000000000000000000000000000000000000000000000000000000000000000000000000000000000000000001900020c9020ea700000f832e4d277b60000e913
[login] send 03010025f70d3103deb0389f83a748dccaeeb10a31333033363739303235344063737978790000000000000000000000000000000000000020020f3fd5d1a9068534947e2d6ab887c36a4093b97e096f010a140d2b00000000000000000000000094adb31a27e29c2b010000000047494c4947494c494559450000000000000000000000000000000000000000003a147faa0a140dfe000000000000000000000000940000000500000001000000280a0000020000004e4f5445370000000000000000000000000000000000000000000000000000000000000000000000000000000000000000000000000000000000000000000000000000000000000000000000000000000000000000000000000000000000000000000000000000000000000000000000000000000000000000000000000000001900020c9020ea700000f832e4d277b60000e913
[login] recv 0400000500000000000000000000000000ff00000000004472636fc0a858f2a72e0a140d7b013eb00501000100000000000000000000000110
[login] packet sent.
[login] loged in
[login] login sent
package_tail 4472636fc0a858f2a72e0a140d7b013e
starting to empty socket buffer
exception in empty_socket_buffer
emptyed
[keep_alive1] send fff70d3103deb0389f83a748dccaeeb10a0000004472636fc0a858f2a72e0a140d7b013e9a2700000000
[keep-alive1] recv 0701100006009a27bc1a74160a140d7ba8a6000070cda0a300000000d8020000030000000000000000000000000000000000000000000000803a0900ffffffff
[keep-alive2] send1 070028000b010f272f12000000000000000000000000000000000000000000000000000000000000
[keep-alive2] recv1 070010010b06d8022f12000000000000a8a6000070cda0a300000000d80200004d5a90000300000004000000ffff0000b800000000000000400000000000000000000000000000000000000000000000000000000000000000000000080100000e1fba0e00b409cd21b8014ccd21546869732070726f6772616d2063616e6e6f742062652072756e20696e20444f53206d6f64652e0d0d0a2400000000000000be4ff959fa2e970afa2e970afa2e970aa30d840af82e970a81329b0afe2e970a7926ca0af02e970a7932990af82e970a95319c0afb2e970a95319d0aff2e970a9531930af82e970afa2e960a492e970acc08930af92e970acc089c0af22e970a3d28910afb2e970a050e930af92e970a
[keep-alive2] recv file, resending..
auth svr: 192.168.88.242
username: 13036790254@csyxy
password: 20894765
mac: 0xf832e4d277b
bind ip: 0.0.0.0
[challenge] recv 02025d9a53cb910000000100f303e8f0000000000a140d7bf000a8a6000070cda0a300000000d802000000000000000000000000000000000000000000000000000000000000000000000000
[DEBUG] challenge:
02025d9a53cb910000000100f303e8f0000000000a140d7bf000a8a6000070cda0a300000000d802000000000000000000000000000000000000000000000000000000000000000000000000
[challenge] challenge packet sent.
[mkpkt] 03010025dd18586a4a5ef0a12d2519fd625208e63133303336373930323534406373797879000000000000000000000000000000000000002002252abcb83de8908045f0329f5d54bf2f7c9d6f7df084010a140d2b0000000000000000000000002c1f28337e08abf3010000000047494c4947494c494559450000000000000000000000000000000000000000003a147faa0a140dfe000000000000000000000000940000000500000001000000280a0000020000004e4f5445370000000000000000000000000000000000000000000000000000000000000000000000000000000000000000000000000000000000000000000000000000000000000000000000000000000000000000000000000000000000000000000000000000000000000000000000000000000000000000000000000000001900020c9018ed800000f832e4d277b60000e913
[login] send 03010025dd18586a4a5ef0a12d2519fd625208e63133303336373930323534406373797879000000000000000000000000000000000000002002252abcb83de8908045f0329f5d54bf2f7c9d6f7df084010a140d2b0000000000000000000000002c1f28337e08abf3010000000047494c4947494c494559450000000000000000000000000000000000000000003a147faa0a140dfe000000000000000000000000940000000500000001000000280a0000020000004e4f5445370000000000000000000000000000000000000000000000000000000000000000000000000000000000000000000000000000000000000000000000000000000000000000000000000000000000000000000000000000000000000000000000000000000000000000000000000000000000000000000000000000001900020c9018ed800000f832e4d277b60000e913
auth svr: 192.168.88.242
username: 13036790254@csyxy
password: 20894765
mac: 0xf832e4d277b
bind ip: 0.0.0.0
[challenge] recv 02023e9b5dcb910000000100f303e8f0000000000a140d7bf000a8a6000070cda0a300000000d802000000000000000000000000000000000000000000000000000000000000000000000000
[DEBUG] challenge:
02023e9b5dcb910000000100f303e8f0000000000a140d7bf000a8a6000070cda0a300000000d802000000000000000000000000000000000000000000000000000000000000000000000000
[challenge] challenge packet sent.
[mkpkt] 03010025126a1e483864f0717aa66dd1e1d130943133303336373930323534406373797879000000000000000000000000000000000000002002ea58fa9a4fd2307aa2839fe483b15aeb09a4f25edc4e010a140d2b00000000000000000000000030dbc988d5bb3bba010000000047494c4947494c494559450000000000000000000000000000000000000000003a147faa0a140dfe000000000000000000000000940000000500000001000000280a0000020000004e4f5445370000000000000000000000000000000000000000000000000000000000000000000000000000000000000000000000000000000000000000000000000000000000000000000000000000000000000000000000000000000000000000000000000000000000000000000000000000000000000000000000000000001900020c108991670000f832e4d277b60000e913
[login] send 03010025126a1e483864f0717aa66dd1e1d130943133303336373930323534406373797879000000000000000000000000000000000000002002ea58fa9a4fd2307aa2839fe483b15aeb09a4f25edc4e010a140d2b00000000000000000000000030dbc988d5bb3bba010000000047494c4947494c494559450000000000000000000000000000000000000000003a147faa0a140dfe000000000000000000000000940000000500000001000000280a0000020000004e4f5445370000000000000000000000000000000000000000000000000000000000000000000000000000000000000000000000000000000000000000000000000000000000000000000000000000000000000000000000000000000000000000000000000000000000000000000000000000000000000000000000000000001900020c108991670000f832e4d277b60000e913
[login] recv 0400000500000000000000000000000000ff00000000004472636fc0a858f2ae2e0a140d7b0145b00501000100000000000000000000000110
[login] packet sent.
[login] loged in
[login] login sent
package_tail 4472636fc0a858f2ae2e0a140d7b0145
starting to empty socket buffer
exception in empty_socket_buffer
emptyed
[keep_alive1] send ff126a1e483864f0717aa66dd1e1d130940000004472636fc0a858f2ae2e0a140d7b01459a4b00000000
[keep-alive1] recv 0701100006009a4b081c74160a140d7ba8a6000070cda0a300000000d8020000030000000000000000000000000000000000000000000000803a0900ffffffff
[keep-alive2] send1 070028000b010f272f12000000000000000000000000000000000000000000000000000000000000
[keep-alive2] recv1 070010010b06d8022f12000000000000a8a6000070cda0a300000000d80200004d5a90000300000004000000ffff0000b800000000000000400000000000000000000000000000000000000000000000000000000000000000000000080100000e1fba0e00b409cd21b8014ccd21546869732070726f6772616d2063616e6e6f742062652072756e20696e20444f53206d6f64652e0d0d0a2400000000000000be4ff959fa2e970afa2e970afa2e970aa30d840af82e970a81329b0afe2e970a7926ca0af02e970a7932990af82e970a95319c0afb2e970a95319d0aff2e970a9531930af82e970afa2e960a492e970acc08930af92e970acc089c0af22e970a3d28910afb2e970a050e930af92e970a
[keep-alive2] recv file, resending..
[keep-alive2] send2 070128000b01d8022f12000000000000000000000000000000000000000000000000000000000000
[keep-alive2] recv2 070128000b02d8022f12000000000000081c74160000000000000000000000000000000000000000
[keep-alive2] send3 070228000b03d8022f12000000000000081c741600000000000000000a140d2b0000000000000000
[keep-alive2] recv3 070228000b04d8022f12000000000000081c74160000000000000000000000000000000000000000
[keep-alive2] keep-alive2 loop was in daemon.
[keep_alive1] send ff126a1e483864f0717aa66dd1e1d130940000004472636fc0a858f2ae2e0a140d7b01459a5f00000000
[keep-alive1] recv 0701100006009a5fc31c74160a140d7ba8a6000070cda0a300000000d80200001700000035000000ae000000000000000000000000000000803a0900ffffffff
[keep_alive2] send 3 070328000b01d8022f12000000000000081c74160000000000000000000000000000000000000000
[keep_alive2] recv 070328000b02d8022f12000000000000c41c74160000000000000000000000000000000000000000
[keep_alive2] send 4 070428000b03d8022f12000000000000c41c741600000000000000000a140d2b0000000000000000
[keep_alive2] recv 070428000b04d8022f12000000000000c41c74160000000000000000000000000000000000000000
[keep_alive1] send ff126a1e483864f0717aa66dd1e1d130940000004472636fc0a858f2ae2e0a140d7b01459a7300000000
[keep-alive1] recv 0701100006009a737f1d74160a140d7ba8a6000070cda0a300000000d80200002c000000a800000001040000000000000000000000000000803a0900ffffffff
[keep_alive2] send 5 070528000b01d8022f12000000000000c41c74160000000000000000000000000000000000000000
[keep_alive2] recv 070528000b02d8022f120000000000007f1d74160000000000000000000000000000000000000000
[keep_alive2] send 6 070628000b03d8022f120000000000007f1d741600000000000000000a140d2b0000000000000000
[keep_alive2] recv 070628000b04d8022f120000000000007f1d74160000000000000000000000000000000000000000
